<?xml version="1.0" encoding="UTF-8"?>
<!-- Generated by org.testng.reporters.JUnitXMLReporter -->
<testsuite hostname="DESKTOP-2JV4QRQ" ignored="0" name="Smoke" tests="4" failures="0" timestamp="05 Nov 2023 06:52:53 GMT" time="3.94" errors="0">
  <testcase name="runScenario" time="2.604" classname="cucumber.api.testng.AbstractTestNGCucumberTests"/>
  <testcase name="runScenario" time="0.0" classname="cucumber.api.testng.AbstractTestNGCucumberTests"/>
  <testcase name="runScenario" time="0.574" classname="cucumber.api.testng.AbstractTestNGCucumberTests"/>
  <testcase name="runScenario" time="0.585" classname="cucumber.api.testng.AbstractTestNGCucumberTests"/>
</testsuite> <!-- Smoke -->
