<?xml version="1.0" encoding="UTF-8"?>
<testsuite xmlns:xsi="http://www.w3.org/2001/XMLSchema-instance" xsi:noNamespaceSchemaLocation="https://maven.apache.org/surefire/maven-surefire-plugin/xsd/surefire-test-report-3.0.xsd" version="3.0" name="TestSuite" time="4.4" tests="4" errors="0" skipped="0" failures="0">
  <properties>
[...]
</properties>
  <testcase name="runScenario[&quot;Verify demo POST API&quot;, &quot;Verify Demo API&quot;](1)" classname="com.demo.api.runner.CommonRunner" time="2.608">
    <system-out><![CDATA[list files 1
 abs C:\Users\91937\Desktop\com.demo.api\src\test\resources\configData\config.properties
Request method:	POST
Request path:	https://reqres.in/api/users
Proxy:			<none>
Request params:	<none>
Query params:	<none>
Form params:	<none>
Path params:	<none>
Multiparts:		<none>
Headers:		Accept=*/*
				Content-Type=application/json; charset=UTF-8
Cookies:		<none>
Body:			<none>
HTTP/1.1 201 Created
Date: Sun, 05 Nov 2023 06:52:52 GMT
Content-Type: application/json; charset=utf-8
Content-Length: 51
Connection: keep-alive
X-Powered-By: Express
Access-Control-Allow-Origin: *
Etag: W/"33-baBSqCBK5PjlMBeem+Iy3tZJPuM"
Via: 1.1 vegur
CF-Cache-Status: DYNAMIC
Report-To: {"endpoints":[{"url":"https:\/\/a.nel.cloudflare.com\/report\/v3?s=OHT7RDxn9DDrvVNGIq7Q8fXIpiT8cASHoLvRz9e2LbYESDKEPRulv9SZnpHtY%2Bl%2FyXZCcziyzJNgdCxxE%2F%2Fjae7%2FAeS%2BpeHP2QR1mGymNUykWR9z%2FDlcX5XqHw%3D%3D"}],"group":"cf-nel","max_age":604800}
NEL: {"success_fraction":0,"report_to":"cf-nel","max_age":604800}
Server: cloudflare
CF-RAY: 82132d2729e6846b-BOM

{
    "id": "283",
    "createdAt": "2023-11-05T06:52:52.019Z"
}
{
    "id": "283",
    "createdAt": "2023-11-05T06:52:52.019Z"
}
 json Body : {
    "id": "283",
    "createdAt": "2023-11-05T06:52:52.019Z"
}
]]></system-out>
    <system-err><![CDATA[log4j:WARN No appenders could be found for logger (com.demo.api.utils.FileUtils).
log4j:WARN Please initialize the log4j system properly.
log4j:WARN See http://logging.apache.org/log4j/1.2/faq.html#noconfig for more info.
]]></system-err>
  </testcase>
  <testcase name="runScenario[&quot;Verify demo GET API&quot;, &quot;Verify Demo API&quot;](2)" classname="com.demo.api.runner.CommonRunner" time="0"/>
  <testcase name="runScenario[&quot;Verify demo PUT API&quot;, &quot;Verify Demo API&quot;](3)" classname="com.demo.api.runner.CommonRunner" time="0.571">
    <system-out><![CDATA[Request method:	PUT
Request path:	https://reqres.in/api/users/2
Proxy:			<none>
Request params:	<none>
Query params:	<none>
Form params:	<none>
Path params:	<none>
Multiparts:		<none>
Headers:		Accept=*/*
				Content-Type=application/json; charset=UTF-8
Cookies:		<none>
Body:			<none>
HTTP/1.1 200 OK
Date: Sun, 05 Nov 2023 06:52:52 GMT
Content-Type: application/json; charset=utf-8
Content-Length: 40
Connection: keep-alive
X-Powered-By: Express
Access-Control-Allow-Origin: *
Etag: W/"28-HNH3bF7gHFInjF+7IaoA/7qCv0Q"
Via: 1.1 vegur
CF-Cache-Status: DYNAMIC
Report-To: {"endpoints":[{"url":"https:\/\/a.nel.cloudflare.com\/report\/v3?s=RvdSFi1zJem5GkPACDnkefgoiyjU4mc4gXgoiYUo%2FT5uyTl1PQ9VbJUWv%2FA89DbGMfg2ddmgPN9RFuY5ebc76ffATUt1ov1yl7Jweg2%2FwK6hnVKHKNgJ6fKsLA%3D%3D"}],"group":"cf-nel","max_age":604800}
NEL: {"success_fraction":0,"report_to":"cf-nel","max_age":604800}
Vary: Accept-Encoding
Server: cloudflare
CF-RAY: 82132d2b69743fed-BOM

{
    "updatedAt": "2023-11-05T06:52:52.698Z"
}
]]></system-out>
  </testcase>
  <testcase name="runScenario[&quot;Verify demo DELETE API&quot;, &quot;Verify Demo API&quot;](4)" classname="com.demo.api.runner.CommonRunner" time="0.584">
    <system-out><![CDATA[Request method:	DELETE
Request path:	https://reqres.in/api/users/2
Proxy:			<none>
Request params:	<none>
Query params:	<none>
Form params:	<none>
Path params:	<none>
Multiparts:		<none>
Headers:		Accept=*/*
Cookies:		<none>
Body:			<none>
HTTP/1.1 204 No Content
Date: Sun, 05 Nov 2023 06:52:53 GMT
Content-Length: 0
Connection: keep-alive
Report-To: {"group":"heroku-nel","max_age":3600,"endpoints":[{"url":"https://nel.heroku.com/reports?ts=1699167173&sid=c4c9725f-1ab0-44d8-820f-430df2718e11&s=3NV9cSYE1RFdWI%2FNlf7Zw2gtG9bLcgrdi1bJUDb3%2BT0%3D"}]}
Reporting-Endpoints: heroku-nel=https://nel.heroku.com/reports?ts=1699167173&sid=c4c9725f-1ab0-44d8-820f-430df2718e11&s=3NV9cSYE1RFdWI%2FNlf7Zw2gtG9bLcgrdi1bJUDb3%2BT0%3D
Nel: {"report_to":"heroku-nel","max_age":3600,"success_fraction":0.005,"failure_fraction":0.05,"response_headers":["Via"]}
X-Powered-By: Express
Access-Control-Allow-Origin: *
Etag: W/"2-vyGp6PvFo4RvsFtPoIWeCReyIC8"
Via: 1.1 vegur
CF-Cache-Status: DYNAMIC
Server: cloudflare
CF-RAY: 82132d2eedd385dc-BOM
]]></system-out>
  </testcase>
</testsuite>